<?xml version="1.0" encoding="UTF-8"?>
<!-- Generated by org.testng.reporters.JUnitReportReporter -->
<testsuite hostname="LAPTOP-QMK202VJ" name="runner.ExecuteTestRunner" tests="1" failures="0" timestamp="13 Sep 2020 09:07:33 GMT" time="74.559" errors="0">
  <testcase name="feature" time="74.559" classname="runner.ExecuteTestRunner"/>
</testsuite> <!-- runner.ExecuteTestRunner -->
